  Lab_7.cpp
F:\Univer\Educ\OOP_C#\C++_7\OOP_Lab_7\OOP_Lab_7\Lab_7.cpp(42,13): warning C4566: character represented by universal-character-name '\u041E' cannot be represented in the current code page (1252)
F:\Univer\Educ\OOP_C#\C++_7\OOP_Lab_7\OOP_Lab_7\Lab_7.cpp(42,13): warning C4566: character represented by universal-character-name '\u0431' cannot be represented in the current code page (1252)
F:\Univer\Educ\OOP_C#\C++_7\OOP_Lab_7\OOP_Lab_7\Lab_7.cpp(42,13): warning C4566: character represented by universal-character-name '\u0454' cannot be represented in the current code page (1252)
F:\Univer\Educ\OOP_C#\C++_7\OOP_Lab_7\OOP_Lab_7\Lab_7.cpp(42,13): warning C4566: character represented by universal-character-name '\u0434' cannot be represented in the current code page (1252)
F:\Univer\Educ\OOP_C#\C++_7\OOP_Lab_7\OOP_Lab_7\Lab_7.cpp(42,13): warning C4566: character represented by universal-character-name '\u043D' cannot be represented in the current code page (1252)
F:\Univer\Educ\OOP_C#\C++_7\OOP_Lab_7\OOP_Lab_7\Lab_7.cpp(42,13): warning C4566: character represented by universal-character-name '\u0430' cannot be represented in the current code page (1252)
F:\Univer\Educ\OOP_C#\C++_7\OOP_Lab_7\OOP_Lab_7\Lab_7.cpp(42,13): warning C4566: character represented by universal-character-name '\u044F' cannot be represented in the current code page (1252)
F:\Univer\Educ\OOP_C#\C++_7\OOP_Lab_7\OOP_Lab_7\Lab_7.cpp(48,13): warning C4566: character represented by universal-character-name '\u0420' cannot be represented in the current code page (1252)
F:\Univer\Educ\OOP_C#\C++_7\OOP_Lab_7\OOP_Lab_7\Lab_7.cpp(48,13): warning C4566: character represented by universal-character-name '\u0456' cannot be represented in the current code page (1252)
F:\Univer\Educ\OOP_C#\C++_7\OOP_Lab_7\OOP_Lab_7\Lab_7.cpp(48,13): warning C4566: character represented by universal-character-name '\u0437' cannot be represented in the current code page (1252)
F:\Univer\Educ\OOP_C#\C++_7\OOP_Lab_7\OOP_Lab_7\Lab_7.cpp(48,13): warning C4566: character represented by universal-character-name '\u043D' cannot be represented in the current code page (1252)
F:\Univer\Educ\OOP_C#\C++_7\OOP_Lab_7\OOP_Lab_7\Lab_7.cpp(48,13): warning C4566: character represented by universal-character-name '\u0438' cannot be represented in the current code page (1252)
F:\Univer\Educ\OOP_C#\C++_7\OOP_Lab_7\OOP_Lab_7\Lab_7.cpp(48,13): warning C4566: character represented by universal-character-name '\u0446' cannot be represented in the current code page (1252)
F:\Univer\Educ\OOP_C#\C++_7\OOP_Lab_7\OOP_Lab_7\Lab_7.cpp(48,13): warning C4566: character represented by universal-character-name '\u044F' cannot be represented in the current code page (1252)
F:\Univer\Educ\OOP_C#\C++_7\OOP_Lab_7\OOP_Lab_7\Lab_7.cpp(54,13): warning C4566: character represented by universal-character-name '\u041F' cannot be represented in the current code page (1252)
F:\Univer\Educ\OOP_C#\C++_7\OOP_Lab_7\OOP_Lab_7\Lab_7.cpp(54,13): warning C4566: character represented by universal-character-name '\u0435' cannot be represented in the current code page (1252)
F:\Univer\Educ\OOP_C#\C++_7\OOP_Lab_7\OOP_Lab_7\Lab_7.cpp(54,13): warning C4566: character represented by universal-character-name '\u0440' cannot be represented in the current code page (1252)
F:\Univer\Educ\OOP_C#\C++_7\OOP_Lab_7\OOP_Lab_7\Lab_7.cpp(54,13): warning C4566: character represented by universal-character-name '\u0442' cannot be represented in the current code page (1252)
F:\Univer\Educ\OOP_C#\C++_7\OOP_Lab_7\OOP_Lab_7\Lab_7.cpp(54,13): warning C4566: character represented by universal-character-name '\u0438' cannot be represented in the current code page (1252)
F:\Univer\Educ\OOP_C#\C++_7\OOP_Lab_7\OOP_Lab_7\Lab_7.cpp(54,13): warning C4566: character represented by universal-character-name '\u043D' cannot be represented in the current code page (1252)
F:\Univer\Educ\OOP_C#\C++_7\OOP_Lab_7\OOP_Lab_7\Lab_7.cpp(60,13): warning C4566: character represented by universal-character-name '\u0454' cannot be represented in the current code page (1252)
F:\Univer\Educ\OOP_C#\C++_7\OOP_Lab_7\OOP_Lab_7\Lab_7.cpp(60,13): warning C4566: character represented by universal-character-name '\u043F' cannot be represented in the current code page (1252)
F:\Univer\Educ\OOP_C#\C++_7\OOP_Lab_7\OOP_Lab_7\Lab_7.cpp(60,13): warning C4566: character represented by universal-character-name '\u0456' cannot be represented in the current code page (1252)
F:\Univer\Educ\OOP_C#\C++_7\OOP_Lab_7\OOP_Lab_7\Lab_7.cpp(60,13): warning C4566: character represented by universal-character-name '\u0434' cannot be represented in the current code page (1252)
F:\Univer\Educ\OOP_C#\C++_7\OOP_Lab_7\OOP_Lab_7\Lab_7.cpp(60,13): warning C4566: character represented by universal-character-name '\u043C' cannot be represented in the current code page (1252)
F:\Univer\Educ\OOP_C#\C++_7\OOP_Lab_7\OOP_Lab_7\Lab_7.cpp(60,13): warning C4566: character represented by universal-character-name '\u043D' cannot be represented in the current code page (1252)
F:\Univer\Educ\OOP_C#\C++_7\OOP_Lab_7\OOP_Lab_7\Lab_7.cpp(60,13): warning C4566: character represented by universal-character-name '\u043E' cannot be represented in the current code page (1252)
F:\Univer\Educ\OOP_C#\C++_7\OOP_Lab_7\OOP_Lab_7\Lab_7.cpp(60,13): warning C4566: character represented by universal-character-name '\u0436' cannot be represented in the current code page (1252)
F:\Univer\Educ\OOP_C#\C++_7\OOP_Lab_7\OOP_Lab_7\Lab_7.cpp(60,13): warning C4566: character represented by universal-character-name '\u0438' cannot be represented in the current code page (1252)
F:\Univer\Educ\OOP_C#\C++_7\OOP_Lab_7\OOP_Lab_7\Lab_7.cpp(60,13): warning C4566: character represented by universal-character-name '\u044E' cannot be represented in the current code page (1252)
F:\Univer\Educ\OOP_C#\C++_7\OOP_Lab_7\OOP_Lab_7\Lab_7.cpp(61,13): warning C4566: character represented by universal-character-name '\u0427' cannot be represented in the current code page (1252)
F:\Univer\Educ\OOP_C#\C++_7\OOP_Lab_7\OOP_Lab_7\Lab_7.cpp(61,13): warning C4566: character represented by universal-character-name '\u0438' cannot be represented in the current code page (1252)
F:\Univer\Educ\OOP_C#\C++_7\OOP_Lab_7\OOP_Lab_7\Lab_7.cpp(61,13): warning C4566: character represented by universal-character-name '\u0441' cannot be represented in the current code page (1252)
F:\Univer\Educ\OOP_C#\C++_7\OOP_Lab_7\OOP_Lab_7\Lab_7.cpp(61,13): warning C4566: character represented by universal-character-name '\u043B' cannot be represented in the current code page (1252)
F:\Univer\Educ\OOP_C#\C++_7\OOP_Lab_7\OOP_Lab_7\Lab_7.cpp(61,13): warning C4566: character represented by universal-character-name '\u043E' cannot be represented in the current code page (1252)
F:\Univer\Educ\OOP_C#\C++_7\OOP_Lab_7\OOP_Lab_7\Lab_7.cpp(61,13): warning C4566: character represented by universal-character-name '\u043F' cannot be represented in the current code page (1252)
F:\Univer\Educ\OOP_C#\C++_7\OOP_Lab_7\OOP_Lab_7\Lab_7.cpp(61,13): warning C4566: character represented by universal-character-name '\u0440' cannot be represented in the current code page (1252)
F:\Univer\Educ\OOP_C#\C++_7\OOP_Lab_7\OOP_Lab_7\Lab_7.cpp(61,13): warning C4566: character represented by universal-character-name '\u0443' cannot be represented in the current code page (1252)
F:\Univer\Educ\OOP_C#\C++_7\OOP_Lab_7\OOP_Lab_7\Lab_7.cpp(61,13): warning C4566: character represented by universal-character-name '\u0442' cannot be represented in the current code page (1252)
F:\Univer\Educ\OOP_C#\C++_7\OOP_Lab_7\OOP_Lab_7\Lab_7.cpp(61,13): warning C4566: character represented by universal-character-name '\u043D' cannot be represented in the current code page (1252)
F:\Univer\Educ\OOP_C#\C++_7\OOP_Lab_7\OOP_Lab_7\Lab_7.cpp(61,13): warning C4566: character represented by universal-character-name '\u0454' cannot be represented in the current code page (1252)
F:\Univer\Educ\OOP_C#\C++_7\OOP_Lab_7\OOP_Lab_7\Lab_7.cpp(61,13): warning C4566: character represented by universal-character-name '\u043C' cannot be represented in the current code page (1252)
F:\Univer\Educ\OOP_C#\C++_7\OOP_Lab_7\OOP_Lab_7\Lab_7.cpp(61,13): warning C4566: character represented by universal-character-name '\u0436' cannot be represented in the current code page (1252)
F:\Univer\Educ\OOP_C#\C++_7\OOP_Lab_7\OOP_Lab_7\Lab_7.cpp(61,13): warning C4566: character represented by universal-character-name '\u0456' cannot be represented in the current code page (1252)
  OOP_Lab_7.vcxproj -> F:\Univer\Educ\OOP_C#\C++_7\OOP_Lab_7\x64\Debug\OOP_Lab_7.exe
